{"/Users/charlotteeaston/Documents/la-fosse/lap2/florish/server/controllers/userController.js": {"path":"/Users/charlotteeaston/Documents/la-fosse/lap2/florish/server/controllers/userController.js","statementMap":{"0":{"start":{"line":1,"column":15},"end":{"line":1,"column":32}},"1":{"start":{"line":2,"column":13},"end":{"line":2,"column":39}},"2":{"start":{"line":3,"column":14},"end":{"line":3,"column":40}},"3":{"start":{"line":7,"column":2},"end":{"line":12,"column":3}},"4":{"start":{"line":8,"column":18},"end":{"line":8,"column":37}},"5":{"start":{"line":9,"column":4},"end":{"line":9,"column":32}},"6":{"start":{"line":11,"column":4},"end":{"line":11,"column":49}},"7":{"start":{"line":16,"column":15},"end":{"line":16,"column":23}},"8":{"start":{"line":17,"column":2},"end":{"line":28,"column":3}},"9":{"start":{"line":18,"column":17},"end":{"line":18,"column":59}},"10":{"start":{"line":19,"column":26},"end":{"line":19,"column":79}},"11":{"start":{"line":20,"column":4},"end":{"line":25,"column":5}},"12":{"start":{"line":21,"column":6},"end":{"line":21,"column":48}},"13":{"start":{"line":23,"column":20},"end":{"line":23,"column":52}},"14":{"start":{"line":24,"column":6},"end":{"line":24,"column":72}},"15":{"start":{"line":27,"column":4},"end":{"line":27,"column":49}},"16":{"start":{"line":32,"column":2},"end":{"line":40,"column":3}},"17":{"start":{"line":33,"column":17},"end":{"line":33,"column":25}},"18":{"start":{"line":34,"column":17},"end":{"line":34,"column":79}},"19":{"start":{"line":35,"column":4},"end":{"line":35,"column":65}},"20":{"start":{"line":36,"column":19},"end":{"line":36,"column":46}},"21":{"start":{"line":37,"column":4},"end":{"line":37,"column":33}},"22":{"start":{"line":39,"column":4},"end":{"line":39,"column":49}},"23":{"start":{"line":43,"column":0},"end":{"line":43,"column":41}}},"fnMap":{"0":{"name":"index","decl":{"start":{"line":6,"column":15},"end":{"line":6,"column":20}},"loc":{"start":{"line":6,"column":31},"end":{"line":13,"column":1}},"line":6},"1":{"name":"login","decl":{"start":{"line":15,"column":15},"end":{"line":15,"column":20}},"loc":{"start":{"line":15,"column":31},"end":{"line":29,"column":1}},"line":15},"2":{"name":"signUp","decl":{"start":{"line":31,"column":15},"end":{"line":31,"column":21}},"loc":{"start":{"line":31,"column":32},"end":{"line":41,"column":1}},"line":31}},"branchMap":{"0":{"loc":{"start":{"line":20,"column":4},"end":{"line":25,"column":5}},"type":"if","locations":[{"start":{"line":20,"column":4},"end":{"line":25,"column":5}},{"start":{"line":22,"column":11},"end":{"line":25,"column":5}}],"line":20}},"s":{"0":1,"1":1,"2":1,"3":2,"4":2,"5":1,"6":1,"7":3,"8":3,"9":3,"10":3,"11":3,"12":2,"13":1,"14":1,"15":2,"16":0,"17":0,"18":0,"19":0,"20":0,"21":0,"22":0,"23":1},"f":{"0":2,"1":3,"2":0},"b":{"0":[2,1]},"_coverageSchema":"1a1c01bbd47fc00a2c39e90264f33305004495a9","hash":"372a9d0a97837af3bda7c06c63cbaedaf3f6a05e"}
,"/Users/charlotteeaston/Documents/la-fosse/lap2/florish/server/db/connect.js": {"path":"/Users/charlotteeaston/Documents/la-fosse/lap2/florish/server/db/connect.js","statementMap":{"0":{"start":{"line":1,"column":0},"end":{"line":1,"column":26}},"1":{"start":{"line":2,"column":17},"end":{"line":2,"column":30}},"2":{"start":{"line":4,"column":11},"end":{"line":6,"column":2}},"3":{"start":{"line":8,"column":0},"end":{"line":8,"column":19}}},"fnMap":{},"branchMap":{},"s":{"0":3,"1":3,"2":3,"3":3},"f":{},"b":{},"_coverageSchema":"1a1c01bbd47fc00a2c39e90264f33305004495a9","hash":"d6920d22c65a41efb5c0358b5924eb0336e160b6"}
,"/Users/charlotteeaston/Documents/la-fosse/lap2/florish/server/models/Users.js": {"path":"/Users/charlotteeaston/Documents/la-fosse/lap2/florish/server/models/Users.js","statementMap":{"0":{"start":{"line":1,"column":11},"end":{"line":1,"column":35}},"1":{"start":{"line":14,"column":4},"end":{"line":14,"column":27}},"2":{"start":{"line":15,"column":4},"end":{"line":15,"column":23}},"3":{"start":{"line":16,"column":4},"end":{"line":16,"column":23}},"4":{"start":{"line":17,"column":4},"end":{"line":17,"column":29}},"5":{"start":{"line":18,"column":4},"end":{"line":18,"column":23}},"6":{"start":{"line":19,"column":4},"end":{"line":19,"column":29}},"7":{"start":{"line":20,"column":4},"end":{"line":20,"column":33}},"8":{"start":{"line":21,"column":4},"end":{"line":21,"column":33}},"9":{"start":{"line":25,"column":21},"end":{"line":25,"column":59}},"10":{"start":{"line":27,"column":4},"end":{"line":31,"column":5}},"11":{"start":{"line":28,"column":6},"end":{"line":28,"column":44}},"12":{"start":{"line":30,"column":6},"end":{"line":30,"column":49}},"13":{"start":{"line":30,"column":36},"end":{"line":30,"column":47}},"14":{"start":{"line":35,"column":21},"end":{"line":37,"column":6}},"15":{"start":{"line":38,"column":4},"end":{"line":40,"column":5}},"16":{"start":{"line":39,"column":6},"end":{"line":39,"column":48}},"17":{"start":{"line":41,"column":4},"end":{"line":41,"column":38}},"18":{"start":{"line":45,"column":21},"end":{"line":48,"column":5}},"19":{"start":{"line":49,"column":4},"end":{"line":53,"column":5}},"20":{"start":{"line":50,"column":6},"end":{"line":50,"column":45}},"21":{"start":{"line":52,"column":6},"end":{"line":52,"column":40}},"22":{"start":{"line":58,"column":6},"end":{"line":58,"column":10}},"23":{"start":{"line":61,"column":25},"end":{"line":64,"column":5}},"24":{"start":{"line":65,"column":4},"end":{"line":75,"column":5}},"25":{"start":{"line":66,"column":23},"end":{"line":69,"column":7}},"26":{"start":{"line":70,"column":20},"end":{"line":70,"column":44}},"27":{"start":{"line":71,"column":22},"end":{"line":71,"column":50}},"28":{"start":{"line":72,"column":6},"end":{"line":72,"column":21}},"29":{"start":{"line":74,"column":6},"end":{"line":74,"column":55}},"30":{"start":{"line":79,"column":0},"end":{"line":79,"column":22}}},"fnMap":{"0":{"name":"(anonymous_0)","decl":{"start":{"line":4,"column":2},"end":{"line":4,"column":3}},"loc":{"start":{"line":13,"column":5},"end":{"line":22,"column":3}},"line":13},"1":{"name":"(anonymous_1)","decl":{"start":{"line":24,"column":2},"end":{"line":24,"column":3}},"loc":{"start":{"line":24,"column":24},"end":{"line":32,"column":3}},"line":24},"2":{"name":"(anonymous_2)","decl":{"start":{"line":30,"column":31},"end":{"line":30,"column":32}},"loc":{"start":{"line":30,"column":36},"end":{"line":30,"column":47}},"line":30},"3":{"name":"(anonymous_3)","decl":{"start":{"line":34,"column":2},"end":{"line":34,"column":3}},"loc":{"start":{"line":34,"column":35},"end":{"line":42,"column":3}},"line":34},"4":{"name":"(anonymous_4)","decl":{"start":{"line":44,"column":2},"end":{"line":44,"column":3}},"loc":{"start":{"line":44,"column":42},"end":{"line":54,"column":3}},"line":44},"5":{"name":"(anonymous_5)","decl":{"start":{"line":56,"column":2},"end":{"line":56,"column":3}},"loc":{"start":{"line":56,"column":32},"end":{"line":76,"column":3}},"line":56}},"branchMap":{"0":{"loc":{"start":{"line":27,"column":4},"end":{"line":31,"column":5}},"type":"if","locations":[{"start":{"line":27,"column":4},"end":{"line":31,"column":5}},{"start":{"line":29,"column":11},"end":{"line":31,"column":5}}],"line":27},"1":{"loc":{"start":{"line":38,"column":4},"end":{"line":40,"column":5}},"type":"if","locations":[{"start":{"line":38,"column":4},"end":{"line":40,"column":5}},{"start":{},"end":{}}],"line":38},"2":{"loc":{"start":{"line":49,"column":4},"end":{"line":53,"column":5}},"type":"if","locations":[{"start":{"line":49,"column":4},"end":{"line":53,"column":5}},{"start":{"line":51,"column":11},"end":{"line":53,"column":5}}],"line":49},"3":{"loc":{"start":{"line":65,"column":4},"end":{"line":75,"column":5}},"type":"if","locations":[{"start":{"line":65,"column":4},"end":{"line":75,"column":5}},{"start":{"line":73,"column":11},"end":{"line":75,"column":5}}],"line":65}},"s":{"0":2,"1":7,"2":7,"3":7,"4":7,"5":7,"6":7,"7":7,"8":7,"9":2,"10":2,"11":1,"12":1,"13":3,"14":2,"15":2,"16":1,"17":1,"18":2,"19":2,"20":1,"21":1,"22":2,"23":2,"24":2,"25":1,"26":1,"27":1,"28":1,"29":1,"30":2},"f":{"0":7,"1":2,"2":3,"3":2,"4":2,"5":2},"b":{"0":[1,1],"1":[1,1],"2":[1,1],"3":[1,1]},"_coverageSchema":"1a1c01bbd47fc00a2c39e90264f33305004495a9","hash":"86668a021cb0a380d60b374c4563a5b7304d8b1e"}
,"/Users/charlotteeaston/Documents/la-fosse/lap2/florish/server/models/token.js": {"path":"/Users/charlotteeaston/Documents/la-fosse/lap2/florish/server/models/token.js","statementMap":{"0":{"start":{"line":1,"column":23},"end":{"line":1,"column":38}},"1":{"start":{"line":3,"column":11},"end":{"line":3,"column":35}},"2":{"start":{"line":7,"column":4},"end":{"line":7,"column":29}},"3":{"start":{"line":8,"column":4},"end":{"line":8,"column":27}},"4":{"start":{"line":9,"column":4},"end":{"line":9,"column":23}},"5":{"start":{"line":13,"column":18},"end":{"line":13,"column":26}},"6":{"start":{"line":14,"column":21},"end":{"line":17,"column":5}},"7":{"start":{"line":18,"column":18},"end":{"line":18,"column":43}},"8":{"start":{"line":19,"column":21},"end":{"line":19,"column":50}},"9":{"start":{"line":20,"column":4},"end":{"line":20,"column":20}},"10":{"start":{"line":24,"column":21},"end":{"line":26,"column":6}},"11":{"start":{"line":27,"column":4},"end":{"line":31,"column":5}},"12":{"start":{"line":28,"column":6},"end":{"line":28,"column":49}},"13":{"start":{"line":30,"column":6},"end":{"line":30,"column":41}},"14":{"start":{"line":35,"column":21},"end":{"line":37,"column":6}},"15":{"start":{"line":38,"column":4},"end":{"line":42,"column":5}},"16":{"start":{"line":39,"column":6},"end":{"line":39,"column":49}},"17":{"start":{"line":41,"column":6},"end":{"line":41,"column":41}},"18":{"start":{"line":46,"column":0},"end":{"line":46,"column":23}}},"fnMap":{"0":{"name":"(anonymous_0)","decl":{"start":{"line":6,"column":2},"end":{"line":6,"column":3}},"loc":{"start":{"line":6,"column":44},"end":{"line":10,"column":3}},"line":6},"1":{"name":"(anonymous_1)","decl":{"start":{"line":12,"column":2},"end":{"line":12,"column":3}},"loc":{"start":{"line":12,"column":31},"end":{"line":21,"column":3}},"line":12},"2":{"name":"(anonymous_2)","decl":{"start":{"line":23,"column":2},"end":{"line":23,"column":3}},"loc":{"start":{"line":23,"column":30},"end":{"line":32,"column":3}},"line":23},"3":{"name":"(anonymous_3)","decl":{"start":{"line":34,"column":2},"end":{"line":34,"column":3}},"loc":{"start":{"line":34,"column":36},"end":{"line":43,"column":3}},"line":34}},"branchMap":{"0":{"loc":{"start":{"line":27,"column":4},"end":{"line":31,"column":5}},"type":"if","locations":[{"start":{"line":27,"column":4},"end":{"line":31,"column":5}},{"start":{"line":29,"column":11},"end":{"line":31,"column":5}}],"line":27},"1":{"loc":{"start":{"line":38,"column":4},"end":{"line":42,"column":5}},"type":"if","locations":[{"start":{"line":38,"column":4},"end":{"line":42,"column":5}},{"start":{"line":40,"column":11},"end":{"line":42,"column":5}}],"line":38}},"s":{"0":1,"1":1,"2":0,"3":0,"4":0,"5":0,"6":0,"7":0,"8":0,"9":0,"10":0,"11":0,"12":0,"13":0,"14":0,"15":0,"16":0,"17":0,"18":1},"f":{"0":0,"1":0,"2":0,"3":0},"b":{"0":[0,0],"1":[0,0]},"_coverageSchema":"1a1c01bbd47fc00a2c39e90264f33305004495a9","hash":"b0a6d37b3c15150c0a30a9a191aed1d05181b780"}
}
