{"C:\\Users\\Bolu8\\Desktop\\La-fosse\\florish\\server\\db\\connect.js": {"path":"C:\\Users\\Bolu8\\Desktop\\La-fosse\\florish\\server\\db\\connect.js","statementMap":{"0":{"start":{"line":1,"column":0},"end":{"line":1,"column":26}},"1":{"start":{"line":2,"column":17},"end":{"line":2,"column":30}},"2":{"start":{"line":4,"column":11},"end":{"line":6,"column":2}},"3":{"start":{"line":8,"column":0},"end":{"line":8,"column":19}}},"fnMap":{},"branchMap":{},"s":{"0":1,"1":1,"2":1,"3":1},"f":{},"b":{},"_coverageSchema":"1a1c01bbd47fc00a2c39e90264f33305004495a9","hash":"5cc5d77ee3c055f47419f02878cfe60cbf95c7a2"}
,"C:\\Users\\Bolu8\\Desktop\\La-fosse\\florish\\server\\models\\Events.js": {"path":"C:\\Users\\Bolu8\\Desktop\\La-fosse\\florish\\server\\models\\Events.js","statementMap":{"0":{"start":{"line":1,"column":11},"end":{"line":1,"column":35}},"1":{"start":{"line":5,"column":8},"end":{"line":5,"column":33}},"2":{"start":{"line":6,"column":8},"end":{"line":6,"column":37}},"3":{"start":{"line":7,"column":8},"end":{"line":7,"column":41}},"4":{"start":{"line":8,"column":8},"end":{"line":8,"column":25}},"5":{"start":{"line":9,"column":8},"end":{"line":9,"column":55}},"6":{"start":{"line":10,"column":8},"end":{"line":10,"column":39}},"7":{"start":{"line":11,"column":8},"end":{"line":11,"column":33}},"8":{"start":{"line":12,"column":8},"end":{"line":12,"column":47}},"9":{"start":{"line":13,"column":8},"end":{"line":13,"column":51}},"10":{"start":{"line":14,"column":8},"end":{"line":14,"column":27}},"11":{"start":{"line":18,"column":25},"end":{"line":18,"column":84}},"12":{"start":{"line":20,"column":8},"end":{"line":22,"column":9}},"13":{"start":{"line":21,"column":12},"end":{"line":21,"column":51}},"14":{"start":{"line":24,"column":8},"end":{"line":24,"column":52}},"15":{"start":{"line":24,"column":38},"end":{"line":24,"column":50}},"16":{"start":{"line":28,"column":25},"end":{"line":28,"column":93}},"17":{"start":{"line":30,"column":8},"end":{"line":32,"column":9}},"18":{"start":{"line":31,"column":12},"end":{"line":31,"column":51}},"19":{"start":{"line":34,"column":8},"end":{"line":34,"column":53}},"20":{"start":{"line":34,"column":39},"end":{"line":34,"column":51}},"21":{"start":{"line":38,"column":25},"end":{"line":38,"column":94}},"22":{"start":{"line":40,"column":8},"end":{"line":42,"column":9}},"23":{"start":{"line":41,"column":12},"end":{"line":41,"column":51}},"24":{"start":{"line":44,"column":8},"end":{"line":44,"column":53}},"25":{"start":{"line":44,"column":39},"end":{"line":44,"column":51}},"26":{"start":{"line":48,"column":25},"end":{"line":48,"column":114}},"27":{"start":{"line":50,"column":8},"end":{"line":52,"column":9}},"28":{"start":{"line":51,"column":12},"end":{"line":51,"column":52}},"29":{"start":{"line":54,"column":8},"end":{"line":54,"column":53}},"30":{"start":{"line":54,"column":39},"end":{"line":54,"column":51}},"31":{"start":{"line":58,"column":8},"end":{"line":58,"column":90}},"32":{"start":{"line":60,"column":8},"end":{"line":62,"column":9}},"33":{"start":{"line":61,"column":12},"end":{"line":61,"column":51}},"34":{"start":{"line":64,"column":25},"end":{"line":64,"column":116}},"35":{"start":{"line":65,"column":8},"end":{"line":65,"column":23}},"36":{"start":{"line":69,"column":8},"end":{"line":69,"column":90}},"37":{"start":{"line":71,"column":8},"end":{"line":73,"column":9}},"38":{"start":{"line":72,"column":12},"end":{"line":72,"column":51}},"39":{"start":{"line":75,"column":25},"end":{"line":75,"column":117}},"40":{"start":{"line":76,"column":8},"end":{"line":76,"column":23}},"41":{"start":{"line":80,"column":138},"end":{"line":80,"column":142}},"42":{"start":{"line":81,"column":30},"end":{"line":81,"column":128}},"43":{"start":{"line":83,"column":8},"end":{"line":88,"column":11}},"44":{"start":{"line":84,"column":29},"end":{"line":84,"column":363}},"45":{"start":{"line":85,"column":12},"end":{"line":85,"column":46}},"46":{"start":{"line":87,"column":12},"end":{"line":87,"column":69}},"47":{"start":{"line":92,"column":25},"end":{"line":92,"column":117}},"48":{"start":{"line":97,"column":0},"end":{"line":97,"column":22}}},"fnMap":{"0":{"name":"(anonymous_0)","decl":{"start":{"line":4,"column":4},"end":{"line":4,"column":5}},"loc":{"start":{"line":4,"column":147},"end":{"line":15,"column":5}},"line":4},"1":{"name":"(anonymous_1)","decl":{"start":{"line":17,"column":4},"end":{"line":17,"column":5}},"loc":{"start":{"line":17,"column":26},"end":{"line":25,"column":5}},"line":17},"2":{"name":"(anonymous_2)","decl":{"start":{"line":24,"column":33},"end":{"line":24,"column":34}},"loc":{"start":{"line":24,"column":38},"end":{"line":24,"column":50}},"line":24},"3":{"name":"(anonymous_3)","decl":{"start":{"line":27,"column":4},"end":{"line":27,"column":5}},"loc":{"start":{"line":27,"column":37},"end":{"line":35,"column":5}},"line":27},"4":{"name":"(anonymous_4)","decl":{"start":{"line":34,"column":34},"end":{"line":34,"column":35}},"loc":{"start":{"line":34,"column":39},"end":{"line":34,"column":51}},"line":34},"5":{"name":"(anonymous_5)","decl":{"start":{"line":37,"column":4},"end":{"line":37,"column":5}},"loc":{"start":{"line":37,"column":39},"end":{"line":45,"column":5}},"line":37},"6":{"name":"(anonymous_6)","decl":{"start":{"line":44,"column":34},"end":{"line":44,"column":35}},"loc":{"start":{"line":44,"column":39},"end":{"line":44,"column":51}},"line":44},"7":{"name":"(anonymous_7)","decl":{"start":{"line":47,"column":4},"end":{"line":47,"column":5}},"loc":{"start":{"line":47,"column":41},"end":{"line":55,"column":5}},"line":47},"8":{"name":"(anonymous_8)","decl":{"start":{"line":54,"column":34},"end":{"line":54,"column":35}},"loc":{"start":{"line":54,"column":39},"end":{"line":54,"column":51}},"line":54},"9":{"name":"(anonymous_9)","decl":{"start":{"line":57,"column":4},"end":{"line":57,"column":5}},"loc":{"start":{"line":57,"column":41},"end":{"line":66,"column":5}},"line":57},"10":{"name":"(anonymous_10)","decl":{"start":{"line":68,"column":4},"end":{"line":68,"column":5}},"loc":{"start":{"line":68,"column":42},"end":{"line":77,"column":5}},"line":68},"11":{"name":"(anonymous_11)","decl":{"start":{"line":79,"column":4},"end":{"line":79,"column":5}},"loc":{"start":{"line":79,"column":30},"end":{"line":89,"column":5}},"line":79},"12":{"name":"(anonymous_12)","decl":{"start":{"line":91,"column":4},"end":{"line":91,"column":5}},"loc":{"start":{"line":91,"column":20},"end":{"line":93,"column":5}},"line":91}},"branchMap":{"0":{"loc":{"start":{"line":20,"column":8},"end":{"line":22,"column":9}},"type":"if","locations":[{"start":{"line":20,"column":8},"end":{"line":22,"column":9}},{"start":{},"end":{}}],"line":20},"1":{"loc":{"start":{"line":30,"column":8},"end":{"line":32,"column":9}},"type":"if","locations":[{"start":{"line":30,"column":8},"end":{"line":32,"column":9}},{"start":{},"end":{}}],"line":30},"2":{"loc":{"start":{"line":40,"column":8},"end":{"line":42,"column":9}},"type":"if","locations":[{"start":{"line":40,"column":8},"end":{"line":42,"column":9}},{"start":{},"end":{}}],"line":40},"3":{"loc":{"start":{"line":50,"column":8},"end":{"line":52,"column":9}},"type":"if","locations":[{"start":{"line":50,"column":8},"end":{"line":52,"column":9}},{"start":{},"end":{}}],"line":50},"4":{"loc":{"start":{"line":60,"column":8},"end":{"line":62,"column":9}},"type":"if","locations":[{"start":{"line":60,"column":8},"end":{"line":62,"column":9}},{"start":{},"end":{}}],"line":60},"5":{"loc":{"start":{"line":71,"column":8},"end":{"line":73,"column":9}},"type":"if","locations":[{"start":{"line":71,"column":8},"end":{"line":73,"column":9}},{"start":{},"end":{}}],"line":71},"6":{"loc":{"start":{"line":83,"column":8},"end":{"line":88,"column":11}},"type":"if","locations":[{"start":{"line":83,"column":8},"end":{"line":88,"column":11}},{"start":{"line":86,"column":15},"end":{"line":88,"column":11}}],"line":83}},"s":{"0":1,"1":0,"2":0,"3":0,"4":0,"5":0,"6":0,"7":0,"8":0,"9":0,"10":0,"11":1,"12":1,"13":1,"14":0,"15":0,"16":0,"17":0,"18":0,"19":0,"20":0,"21":0,"22":0,"23":0,"24":0,"25":0,"26":0,"27":0,"28":0,"29":0,"30":0,"31":0,"32":0,"33":0,"34":0,"35":0,"36":0,"37":0,"38":0,"39":0,"40":0,"41":0,"42":0,"43":0,"44":0,"45":0,"46":0,"47":0,"48":1},"f":{"0":0,"1":1,"2":0,"3":0,"4":0,"5":0,"6":0,"7":0,"8":0,"9":0,"10":0,"11":0,"12":0},"b":{"0":[1,0],"1":[0,0],"2":[0,0],"3":[0,0],"4":[0,0],"5":[0,0],"6":[0,0]},"_coverageSchema":"1a1c01bbd47fc00a2c39e90264f33305004495a9","hash":"5301e11a9d50cf0d476d8db6a2163f5a40f4733b"}
}
