TN:
SF:controllers/userController.js
FN:6,index
FN:15,login
FN:31,signUp
FNF:3
FNH:2
FNDA:2,index
FNDA:3,login
FNDA:0,signUp
DA:1,1
DA:2,1
DA:3,1
DA:7,2
DA:8,2
DA:9,1
DA:11,1
DA:16,3
DA:17,3
DA:18,3
DA:19,3
DA:20,3
DA:21,2
DA:23,1
DA:24,1
DA:27,2
DA:32,0
DA:33,0
DA:34,0
DA:35,0
DA:36,0
DA:37,0
DA:39,0
DA:43,1
LF:24
LH:17
BRDA:20,0,0,2
BRDA:20,0,1,1
BRF:2
BRH:2
end_of_record
TN:
SF:db/connect.js
FNF:0
FNH:0
DA:1,3
DA:2,3
DA:4,3
DA:8,3
LF:4
LH:4
BRF:0
BRH:0
end_of_record
TN:
SF:models/Users.js
FN:4,(anonymous_0)
FN:24,(anonymous_1)
FN:30,(anonymous_2)
FN:34,(anonymous_3)
FN:44,(anonymous_4)
FN:56,(anonymous_5)
FNF:6
FNH:6
FNDA:7,(anonymous_0)
FNDA:2,(anonymous_1)
FNDA:3,(anonymous_2)
FNDA:2,(anonymous_3)
FNDA:2,(anonymous_4)
FNDA:2,(anonymous_5)
DA:1,2
DA:14,7
DA:15,7
DA:16,7
DA:17,7
DA:18,7
DA:19,7
DA:20,7
DA:21,7
DA:25,2
DA:27,2
DA:28,1
DA:30,3
DA:35,2
DA:38,2
DA:39,1
DA:41,1
DA:45,2
DA:49,2
DA:50,1
DA:52,1
DA:58,2
DA:61,2
DA:65,2
DA:66,1
DA:70,1
DA:71,1
DA:72,1
DA:74,1
DA:79,2
LF:30
LH:30
BRDA:27,0,0,1
BRDA:27,0,1,1
BRDA:38,1,0,1
BRDA:38,1,1,1
BRDA:49,2,0,1
BRDA:49,2,1,1
BRDA:65,3,0,1
BRDA:65,3,1,1
BRF:8
BRH:8
end_of_record
TN:
SF:models/token.js
FN:6,(anonymous_0)
FN:12,(anonymous_1)
FN:23,(anonymous_2)
FN:34,(anonymous_3)
FNF:4
FNH:0
FNDA:0,(anonymous_0)
FNDA:0,(anonymous_1)
FNDA:0,(anonymous_2)
FNDA:0,(anonymous_3)
DA:1,1
DA:3,1
DA:7,0
DA:8,0
DA:9,0
DA:13,0
DA:14,0
DA:18,0
DA:19,0
DA:20,0
DA:24,0
DA:27,0
DA:28,0
DA:30,0
DA:35,0
DA:38,0
DA:39,0
DA:41,0
DA:46,1
LF:19
LH:3
BRDA:27,0,0,0
BRDA:27,0,1,0
BRDA:38,1,0,0
BRDA:38,1,1,0
BRF:4
BRH:0
end_of_record
